Flow report for multi-pipeline
Mon Mar 17 17:25:21 2025
Quartus II 64-Bit Version 13.0.1 Build 232 06/12/2013 Service Pack 1 SJ Web Edition


---------------------
; Table of Contents ;
---------------------
  1. Legal Notice
  2. Flow Summary
  3. Flow Settings
  4. Flow Non-Default Global Settings
  5. Flow Elapsed Time
  6. Flow OS Summary
  7. Flow Log
  8. Flow Messages
  9. Flow Suppressed Messages



----------------
; Legal Notice ;
----------------
Copyright (C) 1991-2013 Altera Corporation
Your use of Altera Corporation's design tools, logic functions 
and other software and tools, and its AMPP partner logic 
functions, and any output files from any of the foregoing 
(including device programming or simulation files), and any 
associated documentation or information are expressly subject 
to the terms and conditions of the Altera Program License 
Subscription Agreement, Altera MegaCore Function License 
Agreement, or other applicable license agreement, including, 
without limitation, that your use is for the sole purpose of 
programming logic devices manufactured by Altera and sold by 
Altera or its authorized distributors.  Please refer to the 
applicable agreement for further details.



+--------------------------------------------------------------------------------------+
; Flow Summary                                                                         ;
+------------------------------------+-------------------------------------------------+
; Flow Status                        ; Successful - Mon Mar 17 17:25:18 2025           ;
; Quartus II 64-Bit Version          ; 13.0.1 Build 232 06/12/2013 SP 1 SJ Web Edition ;
; Revision Name                      ; multi-pipeline                                  ;
; Top-level Entity Name              ; mult_without_pipeline                           ;
; Family                             ; Cyclone II                                      ;
; Total logic elements               ; 74 / 4,608 ( 2 % )                              ;
;     Total combinational functions  ; 70 / 4,608 ( 2 % )                              ;
;     Dedicated logic registers      ; 24 / 4,608 ( < 1 % )                            ;
; Total registers                    ; 24                                              ;
; Total pins                         ; 26 / 89 ( 29 % )                                ;
; Total virtual pins                 ; 0                                               ;
; Total memory bits                  ; 0 / 119,808 ( 0 % )                             ;
; Embedded Multiplier 9-bit elements ; 0 / 26 ( 0 % )                                  ;
; Total PLLs                         ; 0 / 2 ( 0 % )                                   ;
; Device                             ; EP2C5T144C6                                     ;
; Timing Models                      ; Final                                           ;
+------------------------------------+-------------------------------------------------+


+-----------------------------------------+
; Flow Settings                           ;
+-------------------+---------------------+
; Option            ; Setting             ;
+-------------------+---------------------+
; Start date & time ; 03/17/2025 17:25:05 ;
; Main task         ; Compilation         ;
; Revision Name     ; multi-pipeline      ;
+-------------------+---------------------+


+-----------------------------------------------------------------------------------------------------------------------------+
; Flow Non-Default Global Settings                                                                                            ;
+-------------------------------------+---------------------------------+----------------+-----------------------+------------+
; Assignment Name                     ; Value                           ; Default Value  ; Entity Name           ; Section Id ;
+-------------------------------------+---------------------------------+----------------+-----------------------+------------+
; COMPILER_SIGNATURE_ID               ; 229335795584342.174224310513348 ; --             ; --                    ; --         ;
; PARTITION_COLOR                     ; 16764057                        ; --             ; mult_without_pipeline ; Top        ;
; PARTITION_FITTER_PRESERVATION_LEVEL ; PLACEMENT_AND_ROUTING           ; --             ; mult_without_pipeline ; Top        ;
; PARTITION_NETLIST_TYPE              ; SOURCE                          ; --             ; mult_without_pipeline ; Top        ;
; PROJECT_OUTPUT_DIRECTORY            ; output_files                    ; --             ; --                    ; --         ;
; TOP_LEVEL_ENTITY                    ; mult_without_pipeline           ; multi-pipeline ; --                    ; --         ;
+-------------------------------------+---------------------------------+----------------+-----------------------+------------+


+-------------------------------------------------------------------------------------------------------------------------------+
; Flow Elapsed Time                                                                                                             ;
+---------------------------+--------------+-------------------------+---------------------+------------------------------------+
; Module Name               ; Elapsed Time ; Average Processors Used ; Peak Virtual Memory ; Total CPU Time (on all processors) ;
+---------------------------+--------------+-------------------------+---------------------+------------------------------------+
; Analysis & Synthesis      ; 00:00:03     ; 1.0                     ; 4620 MB             ; 00:00:01                           ;
; Fitter                    ; 00:00:06     ; 1.0                     ; 4797 MB             ; 00:00:03                           ;
; Assembler                 ; 00:00:01     ; 1.0                     ; 4536 MB             ; 00:00:01                           ;
; TimeQuest Timing Analyzer ; 00:00:02     ; 1.0                     ; 4530 MB             ; 00:00:01                           ;
; Total                     ; 00:00:12     ; --                      ; --                  ; 00:00:06                           ;
+---------------------------+--------------+-------------------------+---------------------+------------------------------------+


+----------------------------------------------------------------------------------------+
; Flow OS Summary                                                                        ;
+---------------------------+------------------+-----------+------------+----------------+
; Module Name               ; Machine Hostname ; OS Name   ; OS Version ; Processor type ;
+---------------------------+------------------+-----------+------------+----------------+
; Analysis & Synthesis      ; DESKTOP-H62PB9L  ; Windows 7 ; 6.2        ; x86_64         ;
; Fitter                    ; DESKTOP-H62PB9L  ; Windows 7 ; 6.2        ; x86_64         ;
; Assembler                 ; DESKTOP-H62PB9L  ; Windows 7 ; 6.2        ; x86_64         ;
; TimeQuest Timing Analyzer ; DESKTOP-H62PB9L  ; Windows 7 ; 6.2        ; x86_64         ;
+---------------------------+------------------+-----------+------------+----------------+


------------
; Flow Log ;
------------
quartus_map --read_settings_files=on --write_settings_files=off multi-pipeline -c multi-pipeline
quartus_fit --read_settings_files=off --write_settings_files=off multi-pipeline -c multi-pipeline
quartus_asm --read_settings_files=off --write_settings_files=off multi-pipeline -c multi-pipeline
quartus_sta multi-pipeline -c multi-pipeline



